(0000) 3000  0011000000000000 (   8)                 .ORIG x3000
(3000) 5020  0101000000100000 (  10)                 AND   R0 R0 #0
(3001) 5260  0101001001100000 (  11)                 AND   R1 R1 #0
(3002) 54A0  0101010010100000 (  12)                 AND   R2 R2 #0
(3003) 56E0  0101011011100000 (  13)                 AND   R3 R3 #0
(3004) 5920  0101100100100000 (  14)                 AND   R4 R4 #0
(3005) 5B60  0101101101100000 (  15)                 AND   R5 R5 #0
(3006) 5DA0  0101110110100000 (  16)                 AND   R6 R6 #0
(3007) 5FE0  0101111111100000 (  17)                 AND   R7 R7 #0
(3008) 000A  0000000000001010 (  21) ASK_USER        .FILL x000A
(3009) 0044  0000000001000100 (  21)                 .FILL x0044
(300A) 006F  0000000001101111 (  21)                 .FILL x006F
(300B) 0020  0000000000100000 (  21)                 .FILL x0020
(300C) 0079  0000000001111001 (  21)                 .FILL x0079
(300D) 006F  0000000001101111 (  21)                 .FILL x006F
(300E) 0075  0000000001110101 (  21)                 .FILL x0075
(300F) 0020  0000000000100000 (  21)                 .FILL x0020
(3010) 0077  0000000001110111 (  21)                 .FILL x0077
(3011) 0061  0000000001100001 (  21)                 .FILL x0061
(3012) 006E  0000000001101110 (  21)                 .FILL x006E
(3013) 0074  0000000001110100 (  21)                 .FILL x0074
(3014) 0020  0000000000100000 (  21)                 .FILL x0020
(3015) 0074  0000000001110100 (  21)                 .FILL x0074
(3016) 006F  0000000001101111 (  21)                 .FILL x006F
(3017) 0020  0000000000100000 (  21)                 .FILL x0020
(3018) 0028  0000000000101000 (  21)                 .FILL x0028
(3019) 0045  0000000001000101 (  21)                 .FILL x0045
(301A) 0029  0000000000101001 (  21)                 .FILL x0029
(301B) 006E  0000000001101110 (  21)                 .FILL x006E
(301C) 0063  0000000001100011 (  21)                 .FILL x0063
(301D) 0072  0000000001110010 (  21)                 .FILL x0072
(301E) 0079  0000000001111001 (  21)                 .FILL x0079
(301F) 0070  0000000001110000 (  21)                 .FILL x0070
(3020) 0074  0000000001110100 (  21)                 .FILL x0074
(3021) 0020  0000000000100000 (  21)                 .FILL x0020
(3022) 006F  0000000001101111 (  21)                 .FILL x006F
(3023) 0072  0000000001110010 (  21)                 .FILL x0072
(3024) 0020  0000000000100000 (  21)                 .FILL x0020
(3025) 0028  0000000000101000 (  21)                 .FILL x0028
(3026) 0044  0000000001000100 (  21)                 .FILL x0044
(3027) 0029  0000000000101001 (  21)                 .FILL x0029
(3028) 0065  0000000001100101 (  21)                 .FILL x0065
(3029) 0063  0000000001100011 (  21)                 .FILL x0063
(302A) 0072  0000000001110010 (  21)                 .FILL x0072
(302B) 0079  0000000001111001 (  21)                 .FILL x0079
(302C) 0070  0000000001110000 (  21)                 .FILL x0070
(302D) 0074  0000000001110100 (  21)                 .FILL x0074
(302E) 0020  0000000000100000 (  21)                 .FILL x0020
(302F) 006F  0000000001101111 (  21)                 .FILL x006F
(3030) 0072  0000000001110010 (  21)                 .FILL x0072
(3031) 0020  0000000000100000 (  21)                 .FILL x0020
(3032) 0065  0000000001100101 (  21)                 .FILL x0065
(3033) 0028  0000000000101000 (  21)                 .FILL x0028
(3034) 0058  0000000001011000 (  21)                 .FILL x0058
(3035) 0029  0000000000101001 (  21)                 .FILL x0029
(3036) 0069  0000000001101001 (  21)                 .FILL x0069
(3037) 0074  0000000001110100 (  21)                 .FILL x0074
(3038) 003F  0000000000111111 (  21)                 .FILL x003F
(3039) 000A  0000000000001010 (  21)                 .FILL x000A
(303A) 003E  0000000000111110 (  21)                 .FILL x003E
(303B) 0000  0000000000000000 (  21)                 .FILL x0000
(303C) 0048  0000000001001000 (  22) WELCOME         .FILL x0048
(303D) 0065  0000000001100101 (  22)                 .FILL x0065
(303E) 006C  0000000001101100 (  22)                 .FILL x006C
(303F) 006C  0000000001101100 (  22)                 .FILL x006C
(3040) 006F  0000000001101111 (  22)                 .FILL x006F
(3041) 002C  0000000000101100 (  22)                 .FILL x002C
(3042) 0020  0000000000100000 (  22)                 .FILL x0020
(3043) 0077  0000000001110111 (  22)                 .FILL x0077
(3044) 0065  0000000001100101 (  22)                 .FILL x0065
(3045) 006C  0000000001101100 (  22)                 .FILL x006C
(3046) 0063  0000000001100011 (  22)                 .FILL x0063
(3047) 006F  0000000001101111 (  22)                 .FILL x006F
(3048) 006D  0000000001101101 (  22)                 .FILL x006D
(3049) 0065  0000000001100101 (  22)                 .FILL x0065
(304A) 0020  0000000000100000 (  22)                 .FILL x0020
(304B) 0074  0000000001110100 (  22)                 .FILL x0074
(304C) 006F  0000000001101111 (  22)                 .FILL x006F
(304D) 0020  0000000000100000 (  22)                 .FILL x0020
(304E) 006D  0000000001101101 (  22)                 .FILL x006D
(304F) 0079  0000000001111001 (  22)                 .FILL x0079
(3050) 0020  0000000000100000 (  22)                 .FILL x0020
(3051) 0043  0000000001000011 (  22)                 .FILL x0043
(3052) 0061  0000000001100001 (  22)                 .FILL x0061
(3053) 0065  0000000001100101 (  22)                 .FILL x0065
(3054) 0073  0000000001110011 (  22)                 .FILL x0073
(3055) 0061  0000000001100001 (  22)                 .FILL x0061
(3056) 0072  0000000001110010 (  22)                 .FILL x0072
(3057) 0020  0000000000100000 (  22)                 .FILL x0020
(3058) 0043  0000000001000011 (  22)                 .FILL x0043
(3059) 0069  0000000001101001 (  22)                 .FILL x0069
(305A) 0070  0000000001110000 (  22)                 .FILL x0070
(305B) 0068  0000000001101000 (  22)                 .FILL x0068
(305C) 0065  0000000001100101 (  22)                 .FILL x0065
(305D) 0072  0000000001110010 (  22)                 .FILL x0072
(305E) 0020  0000000000100000 (  22)                 .FILL x0020
(305F) 0070  0000000001110000 (  22)                 .FILL x0070
(3060) 0072  0000000001110010 (  22)                 .FILL x0072
(3061) 006F  0000000001101111 (  22)                 .FILL x006F
(3062) 0067  0000000001100111 (  22)                 .FILL x0067
(3063) 0072  0000000001110010 (  22)                 .FILL x0072
(3064) 0061  0000000001100001 (  22)                 .FILL x0061
(3065) 006D  0000000001101101 (  22)                 .FILL x006D
(3066) 0021  0000000000100001 (  22)                 .FILL x0021
(3067) 0000  0000000000000000 (  22)                 .FILL x0000
(3068) E1D3  1110000111010011 (  24)                 LEA   R0 WELCOME
(3069) F022  1111000000100010 (  25)                 TRAP  x22
(306A) E19D  1110000110011101 (  29) START_PROG      LEA   R0 ASK_USER
(306B) F022  1111000000100010 (  30)                 TRAP  x22
(306C) F020  1111000000100000 (  32)                 TRAP  x20
(306D) F021  1111000000100001 (  33)                 TRAP  x21
(306E) 28E8  0010100011101000 (  40)                 LD    R4 EIGHTY8
(306F) 1A04  0001101000000100 (  41)                 ADD   R5 R0 R4
(3070) 04E3  0000010011100011 (  42)                 BRZ   BYE
(3071) 28E6  0010100011100110 (  47)                 LD    R4 SIXTY9
(3072) 1A04  0001101000000100 (  48)                 ADD   R5 R0 R4
(3073) 0403  0000010000000011 (  49)                 BRZ   ENCRYPT_IT
(3074) 28E4  0010100011100100 (  53)                 LD    R4 SIXTY8
(3075) 1A04  0001101000000100 (  54)                 ADD   R5 R0 R4
(3076) 0403  0000010000000011 (  55)                 BRZ   DECRYPT_IT
(3077) 56E0  0101011011100000 (  61) ENCRYPT_IT      AND   R3 R3 #0
(3078) 36E6  0011011011100110 (  62)                 ST    R3 FLAG
(3079) 0E4F  0000111001001111 (  63)                 BRNZP ASK_CIPHER
(307A) 56E0  0101011011100000 (  67) DECRYPT_IT      AND   R3 R3 #0
(307B) 16E1  0001011011100001 (  68)                 ADD   R3 R3 #1
(307C) 36E2  0011011011100010 (  69)                 ST    R3 FLAG
(307D) 0E4B  0000111001001011 (  70)                 BRNZP ASK_CIPHER
(307E) 0048  0000000001001000 (  72) PRINT_MESSAGE   .FILL x0048
(307F) 0065  0000000001100101 (  72)                 .FILL x0065
(3080) 0072  0000000001110010 (  72)                 .FILL x0072
(3081) 0065  0000000001100101 (  72)                 .FILL x0065
(3082) 0020  0000000000100000 (  72)                 .FILL x0020
(3083) 0069  0000000001101001 (  72)                 .FILL x0069
(3084) 0073  0000000001110011 (  72)                 .FILL x0073
(3085) 0020  0000000000100000 (  72)                 .FILL x0020
(3086) 0079  0000000001111001 (  72)                 .FILL x0079
(3087) 006F  0000000001101111 (  72)                 .FILL x006F
(3088) 0075  0000000001110101 (  72)                 .FILL x0075
(3089) 0072  0000000001110010 (  72)                 .FILL x0072
(308A) 0020  0000000000100000 (  72)                 .FILL x0020
(308B) 0073  0000000001110011 (  72)                 .FILL x0073
(308C) 0074  0000000001110100 (  72)                 .FILL x0074
(308D) 0072  0000000001110010 (  72)                 .FILL x0072
(308E) 0069  0000000001101001 (  72)                 .FILL x0069
(308F) 006E  0000000001101110 (  72)                 .FILL x006E
(3090) 0067  0000000001100111 (  72)                 .FILL x0067
(3091) 0020  0000000000100000 (  72)                 .FILL x0020
(3092) 0061  0000000001100001 (  72)                 .FILL x0061
(3093) 006E  0000000001101110 (  72)                 .FILL x006E
(3094) 0064  0000000001100100 (  72)                 .FILL x0064
(3095) 0020  0000000000100000 (  72)                 .FILL x0020
(3096) 0074  0000000001110100 (  72)                 .FILL x0074
(3097) 0068  0000000001101000 (  72)                 .FILL x0068
(3098) 0065  0000000001100101 (  72)                 .FILL x0065
(3099) 0020  0000000000100000 (  72)                 .FILL x0020
(309A) 0064  0000000001100100 (  72)                 .FILL x0064
(309B) 0065  0000000001100101 (  72)                 .FILL x0065
(309C) 0063  0000000001100011 (  72)                 .FILL x0063
(309D) 0072  0000000001110010 (  72)                 .FILL x0072
(309E) 0079  0000000001111001 (  72)                 .FILL x0079
(309F) 0070  0000000001110000 (  72)                 .FILL x0070
(30A0) 0074  0000000001110100 (  72)                 .FILL x0074
(30A1) 0065  0000000001100101 (  72)                 .FILL x0065
(30A2) 0064  0000000001100100 (  72)                 .FILL x0064
(30A3) 0020  0000000000100000 (  72)                 .FILL x0020
(30A4) 0072  0000000001110010 (  72)                 .FILL x0072
(30A5) 0065  0000000001100101 (  72)                 .FILL x0065
(30A6) 0073  0000000001110011 (  72)                 .FILL x0073
(30A7) 0075  0000000001110101 (  72)                 .FILL x0075
(30A8) 006C  0000000001101100 (  72)                 .FILL x006C
(30A9) 0074  0000000001110100 (  72)                 .FILL x0074
(30AA) 0000  0000000000000000 (  72)                 .FILL x0000
(30AB) 000A  0000000000001010 (  75) CIPHER          .FILL x000A
(30AC) 0057  0000000001010111 (  75)                 .FILL x0057
(30AD) 0068  0000000001101000 (  75)                 .FILL x0068
(30AE) 0061  0000000001100001 (  75)                 .FILL x0061
(30AF) 0074  0000000001110100 (  75)                 .FILL x0074
(30B0) 0020  0000000000100000 (  75)                 .FILL x0020
(30B1) 0069  0000000001101001 (  75)                 .FILL x0069
(30B2) 0073  0000000001110011 (  75)                 .FILL x0073
(30B3) 0020  0000000000100000 (  75)                 .FILL x0020
(30B4) 0074  0000000001110100 (  75)                 .FILL x0074
(30B5) 0068  0000000001101000 (  75)                 .FILL x0068
(30B6) 0065  0000000001100101 (  75)                 .FILL x0065
(30B7) 0020  0000000000100000 (  75)                 .FILL x0020
(30B8) 0063  0000000001100011 (  75)                 .FILL x0063
(30B9) 0069  0000000001101001 (  75)                 .FILL x0069
(30BA) 0070  0000000001110000 (  75)                 .FILL x0070
(30BB) 0068  0000000001101000 (  75)                 .FILL x0068
(30BC) 0065  0000000001100101 (  75)                 .FILL x0065
(30BD) 0072  0000000001110010 (  75)                 .FILL x0072
(30BE) 0020  0000000000100000 (  75)                 .FILL x0020
(30BF) 0028  0000000000101000 (  75)                 .FILL x0028
(30C0) 0031  0000000000110001 (  75)                 .FILL x0031
(30C1) 002D  0000000000101101 (  75)                 .FILL x002D
(30C2) 0032  0000000000110010 (  75)                 .FILL x0032
(30C3) 0035  0000000000110101 (  75)                 .FILL x0035
(30C4) 0029  0000000000101001 (  75)                 .FILL x0029
(30C5) 003F  0000000000111111 (  75)                 .FILL x003F
(30C6) 000A  0000000000001010 (  75)                 .FILL x000A
(30C7) 003E  0000000000111110 (  75)                 .FILL x003E
(30C8) 0000  0000000000000000 (  75)                 .FILL x0000
(30C9) E1E1  1110000111100001 (  78) ASK_CIPHER      LEA   R0 CIPHER
(30CA) F022  1111000000100010 (  79)                 TRAP  x22
(30CB) 5260  0101001001100000 (  82)                 AND   R1 R1 #0
(30CC) 5B60  0101101101100000 (  83)                 AND   R5 R5 #0
(30CD) 5DA0  0101110110100000 (  84)                 AND   R6 R6 #0
(30CE) 56E0  0101011011100000 (  85)                 AND   R3 R3 #0
(30CF) F020  1111000000100000 (  90) USERIN          TRAP  x20
(30D0) F021  1111000000100001 (  91)                 TRAP  x21
(30D1) 1C36  0001110000110110 (  93)                 ADD   R6 R0 #-10
(30D2) 0439  0000010000111001 (  94)                 BRZ   ASK_STRING
(30D3) 5B60  0101101101100000 (  96)                 AND   R5 R5 #0
(30D4) 2A85  0010101010000101 (  97)                 LD    R5 FORTY8
(30D5) 1C05  0001110000000101 (  99)                 ADD   R6 R0 R5
(30D6) 5B60  0101101101100000 ( 100)                 AND   R5 R5 #0
(30D7) 1B6A  0001101101101010 ( 101)                 ADD   R5 R5 #10
(30D8) 0403  0000010000000011 ( 103) START           BRZ   END
(30D9) 16C1  0001011011000001 ( 104)                 ADD   R3 R3 R1
(30DA) 1B7F  0001101101111111 ( 105)                 ADD   R5 R5 #-1
(30DB) 0FFC  0000111111111100 ( 106)                 BRNZP START
(30DC) 12C6  0001001011000110 ( 108) END             ADD   R1 R3 R6
(30DD) 3282  0011001010000010 ( 109)                 ST    R1 CIPHER_NUM
(30DE) 0FF0  0000111111110000 ( 111)                 BRNZP USERIN
(30DF) 0057  0000000001010111 ( 115) STRING          .FILL x0057
(30E0) 0068  0000000001101000 ( 115)                 .FILL x0068
(30E1) 0061  0000000001100001 ( 115)                 .FILL x0061
(30E2) 0074  0000000001110100 ( 115)                 .FILL x0074
(30E3) 0020  0000000000100000 ( 115)                 .FILL x0020
(30E4) 0069  0000000001101001 ( 115)                 .FILL x0069
(30E5) 0073  0000000001110011 ( 115)                 .FILL x0073
(30E6) 0020  0000000000100000 ( 115)                 .FILL x0020
(30E7) 0074  0000000001110100 ( 115)                 .FILL x0074
(30E8) 0068  0000000001101000 ( 115)                 .FILL x0068
(30E9) 0065  0000000001100101 ( 115)                 .FILL x0065
(30EA) 0020  0000000000100000 ( 115)                 .FILL x0020
(30EB) 0073  0000000001110011 ( 115)                 .FILL x0073
(30EC) 0074  0000000001110100 ( 115)                 .FILL x0074
(30ED) 0072  0000000001110010 ( 115)                 .FILL x0072
(30EE) 0069  0000000001101001 ( 115)                 .FILL x0069
(30EF) 006E  0000000001101110 ( 115)                 .FILL x006E
(30F0) 0067  0000000001100111 ( 115)                 .FILL x0067
(30F1) 0020  0000000000100000 ( 115)                 .FILL x0020
(30F2) 0028  0000000000101000 ( 115)                 .FILL x0028
(30F3) 0075  0000000001110101 ( 115)                 .FILL x0075
(30F4) 0070  0000000001110000 ( 115)                 .FILL x0070
(30F5) 0020  0000000000100000 ( 115)                 .FILL x0020
(30F6) 0074  0000000001110100 ( 115)                 .FILL x0074
(30F7) 006F  0000000001101111 ( 115)                 .FILL x006F
(30F8) 0020  0000000000100000 ( 115)                 .FILL x0020
(30F9) 0032  0000000000110010 ( 115)                 .FILL x0032
(30FA) 0030  0000000000110000 ( 115)                 .FILL x0030
(30FB) 0030  0000000000110000 ( 115)                 .FILL x0030
(30FC) 0020  0000000000100000 ( 115)                 .FILL x0020
(30FD) 0063  0000000001100011 ( 115)                 .FILL x0063
(30FE) 0068  0000000001101000 ( 115)                 .FILL x0068
(30FF) 0061  0000000001100001 ( 115)                 .FILL x0061
(3100) 0072  0000000001110010 ( 115)                 .FILL x0072
(3101) 0061  0000000001100001 ( 115)                 .FILL x0061
(3102) 0063  0000000001100011 ( 115)                 .FILL x0063
(3103) 0074  0000000001110100 ( 115)                 .FILL x0074
(3104) 0065  0000000001100101 ( 115)                 .FILL x0065
(3105) 0072  0000000001110010 ( 115)                 .FILL x0072
(3106) 0073  0000000001110011 ( 115)                 .FILL x0073
(3107) 0029  0000000000101001 ( 115)                 .FILL x0029
(3108) 003F  0000000000111111 ( 115)                 .FILL x003F
(3109) 000A  0000000000001010 ( 115)                 .FILL x000A
(310A) 003E  0000000000111110 ( 115)                 .FILL x003E
(310B) 0000  0000000000000000 ( 115)                 .FILL x0000
(310C) 5260  0101001001100000 ( 118) ASK_STRING      AND   R1 R1 #0
(310D) 54A0  0101010010100000 ( 119)                 AND   R2 R2 #0
(310E) E1D0  1110000111010000 ( 122)                 LEA   R0 STRING
(310F) F022  1111000000100010 ( 123)                 TRAP  x22
(3110) F020  1111000000100000 ( 130) COLUMN_LOOP     TRAP  x20
(3111) F021  1111000000100001 ( 131)                 TRAP  x21
(3112) 1836  0001100000110110 ( 133)                 ADD   R4 R0 #-10
(3113) 0430  0000010000110000 ( 134)                 BRZ   PRINT_RESULT
(3114) 5260  0101001001100000 ( 136)                 AND   R1 R1 #0
(3115) 485B  0100100001011011 ( 138)                 JSR   STORE
(3116) 2648  0010011001001000 ( 140)                 LD    R3 FLAG
(3117) 16E0  0001011011100000 ( 141)                 ADD   R3 R3 #0
(3118) 0401  0000010000000001 ( 142)                 BRZ   ENCRYPT_RESULT
(3119) 0A07  0000101000000111 ( 143)                 BRNP  DECRYPT_RESULT
(311A) 48B9  0100100010111001 ( 149) ENCRYPT_RESULT  JSR   ENCRYPT
(311B) 5260  0101001001100000 ( 151)                 AND   R1 R1 #0
(311C) 1261  0001001001100001 ( 152)                 ADD   R1 R1 #1
(311D) 4853  0100100001010011 ( 154)                 JSR   STORE
(311E) 14A1  0001010010100001 ( 156)                 ADD   R2 R2 #1
(311F) 344A  0011010001001010 ( 157)                 ST    R2 PRINT_COUNTER
(3120) 0FEF  0000111111101111 ( 158)                 BRNZP COLUMN_LOOP
(3121) 48E7  0100100011100111 ( 165) DECRYPT_RESULT  JSR   DECRYPT
(3122) 5260  0101001001100000 ( 167)                 AND   R1 R1 #0
(3123) 1261  0001001001100001 ( 168)                 ADD   R1 R1 #1
(3124) 484C  0100100001001100 ( 170)                 JSR   STORE
(3125) 14A1  0001010010100001 ( 172)                 ADD   R2 R2 #1
(3126) 3443  0011010001000011 ( 173)                 ST    R2 PRINT_COUNTER
(3127) 0FE8  0000111111101000 ( 174)                 BRNZP COLUMN_LOOP
(3128) 000A  0000000000001010 ( 178) ENCRYPT_LAB     .FILL x000A
(3129) 003C  0000000000111100 ( 178)                 .FILL x003C
(312A) 0045  0000000001000101 ( 178)                 .FILL x0045
(312B) 006E  0000000001101110 ( 178)                 .FILL x006E
(312C) 0063  0000000001100011 ( 178)                 .FILL x0063
(312D) 0072  0000000001110010 ( 178)                 .FILL x0072
(312E) 0079  0000000001111001 ( 178)                 .FILL x0079
(312F) 0070  0000000001110000 ( 178)                 .FILL x0070
(3130) 0074  0000000001110100 ( 178)                 .FILL x0074
(3131) 0065  0000000001100101 ( 178)                 .FILL x0065
(3132) 0064  0000000001100100 ( 178)                 .FILL x0064
(3133) 003E  0000000000111110 ( 178)                 .FILL x003E
(3134) 003A  0000000000111010 ( 178)                 .FILL x003A
(3135) 0000  0000000000000000 ( 178)                 .FILL x0000
(3136) 000A  0000000000001010 ( 179) DECRYPT_LAB     .FILL x000A
(3137) 003C  0000000000111100 ( 179)                 .FILL x003C
(3138) 0044  0000000001000100 ( 179)                 .FILL x0044
(3139) 0065  0000000001100101 ( 179)                 .FILL x0065
(313A) 0063  0000000001100011 ( 179)                 .FILL x0063
(313B) 0072  0000000001110010 ( 179)                 .FILL x0072
(313C) 0079  0000000001111001 ( 179)                 .FILL x0079
(313D) 0070  0000000001110000 ( 179)                 .FILL x0070
(313E) 0074  0000000001110100 ( 179)                 .FILL x0074
(313F) 0065  0000000001100101 ( 179)                 .FILL x0065
(3140) 0064  0000000001100100 ( 179)                 .FILL x0064
(3141) 003E  0000000000111110 ( 179)                 .FILL x003E
(3142) 003A  0000000000111010 ( 179)                 .FILL x003A
(3143) 0000  0000000000000000 ( 179)                 .FILL x0000
(3144) 5260  0101001001100000 ( 183) PRINT_RESULT    AND   R1 R1 #0
(3145) 54A0  0101010010100000 ( 184)                 AND   R2 R2 #0
(3146) E137  1110000100110111 ( 186)                 LEA   R0 PRINT_MESSAGE
(3147) F022  1111000000100010 ( 187)                 TRAP  x22
(3148) 4852  0100100001010010 ( 189)                 JSR   PRINT_ARRAY
(3149) 0F20  0000111100100000 ( 191)                 BRNZP START_PROG
(314A) 000A  0000000000001010 ( 195) GOODBYE         .FILL x000A
(314B) 0047  0000000001000111 ( 195)                 .FILL x0047
(314C) 006F  0000000001101111 ( 195)                 .FILL x006F
(314D) 006F  0000000001101111 ( 195)                 .FILL x006F
(314E) 0064  0000000001100100 ( 195)                 .FILL x0064
(314F) 0062  0000000001100010 ( 195)                 .FILL x0062
(3150) 0079  0000000001111001 ( 195)                 .FILL x0079
(3151) 0065  0000000001100101 ( 195)                 .FILL x0065
(3152) 0021  0000000000100001 ( 195)                 .FILL x0021
(3153) 0000  0000000000000000 ( 195)                 .FILL x0000
(3154) E1F5  1110000111110101 ( 199) BYE             LEA   R0 GOODBYE
(3155) F022  1111000000100010 ( 200)                 TRAP  x22
(3156) F025  1111000000100101 ( 201)                 TRAP  x25
(3157) FFA8  1111111110101000 ( 207) EIGHTY8         .FILL xFFA8
(3158) FFBB  1111111110111011 ( 208) SIXTY9          .FILL xFFBB
(3159) FFBC  1111111110111100 ( 209) SIXTY8          .FILL xFFBC
(315A) FFD0  1111111111010000 ( 210) FORTY8          .FILL xFFD0
(315B) FFBF  1111111110111111 ( 211) SIXTY5          .FILL xFFBF
(315C) FFA6  1111111110100110 ( 212) NINETY          .FILL xFFA6
(315D) FF9F  1111111110011111 ( 213) NINETY7         .FILL xFF9F
(315E) FF86  1111111110000110 ( 214) HUNDRED22       .FILL xFF86
(315F) 0000  0000000000000000 ( 216) FLAG            .FILL x0000
(3160) 0000  0000000000000000 ( 217) CIPHER_NUM      .FILL x0000
(3161) 0000  0000000000000000 ( 218) CHARACTER       .FILL x0000
(3162) 0000  0000000000000000 ( 219) ROW             .FILL x0000
(3163) 0000  0000000000000000 ( 220) COLUMN          .FILL x0000
(3164) 0000  0000000000000000 ( 221) HELPER_VAR      .FILL x0000
(3165) 0000  0000000000000000 ( 222) PLAINTEXT_CHAR  .FILL x0000
(3166) 0000  0000000000000000 ( 223) COUNTER         .FILL x0000
(3167) 0000  0000000000000000 ( 224) ENCRYPTED_CHAR  .FILL x0000
(3168) 0000  0000000000000000 ( 225) DECRYPTED_CHAR  .FILL x0000
(3169) 0000  0000000000000000 ( 226) HELPER_VAR_2    .FILL x0000
(316A) 0000  0000000000000000 ( 227) PRINT_COUNTER   .FILL x0000
(316B) 0000  0000000000000000 ( 228) PRINT_1         .FILL x0000
(316C) 0000  0000000000000000 ( 229) PRINT_2         .FILL x0000
(316D) 0000  0000000000000000 ( 230) PRINT_3         .FILL x0000
(316E) 0000  0000000000000000 ( 231) CIPHER_ARRAY_ADD .FILL x0000
(316F) 0000  0000000000000000 ( 232) NEXT            .FILL x0000
(3170) 0000  0000000000000000 ( 233) NEG_CIPHER_NUM  .FILL x0000
(3171) 31EF  0011000111101111 ( 249) STORE           ST    R0 CHARACTER
(3172) 33EF  0011001111101111 ( 250)                 ST    R1 ROW
(3173) 35EF  0011010111101111 ( 251)                 ST    R2 COLUMN
(3174) 1260  0001001001100000 ( 253)                 ADD   R1 R1 #0
(3175) 0401  0000010000000001 ( 254)                 BRZ   ROW_0
(3176) 0A05  0000101000000101 ( 255)                 BRNP  ROW_1
(3177) E2CA  1110001011001010 ( 259) ROW_0           LEA   R1 CIPHER_ARRAY
(3178) 33F5  0011001111110101 ( 260)                 ST    R1 CIPHER_ARRAY_ADD
(3179) 1481  0001010010000001 ( 261)                 ADD   R2 R2 R1
(317A) 7080  0111000010000000 ( 262)                 STR   R0 R2 #0
(317B) 0E07  0000111000000111 ( 263)                 BRNZP SKIP_STORE
(317C) E2C5  1110001011000101 ( 267) ROW_1           LEA   R1 CIPHER_ARRAY
(317D) 14AF  0001010010101111 ( 268)                 ADD   R2 R2 #15
(317E) 14AF  0001010010101111 ( 269)                 ADD   R2 R2 #15
(317F) 14AF  0001010010101111 ( 270)                 ADD   R2 R2 #15
(3180) 14A5  0001010010100101 ( 271)                 ADD   R2 R2 #5
(3181) 1481  0001010010000001 ( 272)                 ADD   R2 R2 R1
(3182) 7080  0111000010000000 ( 273)                 STR   R0 R2 #0
(3183) 21DD  0010000111011101 ( 277) SKIP_STORE      LD    R0 CHARACTER
(3184) 23DD  0010001111011101 ( 278)                 LD    R1 ROW
(3185) 25DD  0010010111011101 ( 279)                 LD    R2 COLUMN
(3186) C1C0  1100000111000000 ( 281)                 RET   
(3187) 31D9  0011000111011001 ( 296) LOAD            ST    R0 CHARACTER
(3188) 33D9  0011001111011001 ( 297)                 ST    R1 ROW
(3189) 35D9  0011010111011001 ( 298)                 ST    R2 COLUMN
(318A) 1260  0001001001100000 ( 301)                 ADD   R1 R1 #0
(318B) 0401  0000010000000001 ( 302)                 BRZ   ROW_0_LD
(318C) 0A04  0000101000000100 ( 303)                 BRNP  ROW_1_LD
(318D) 23E0  0010001111100000 ( 307) ROW_0_LD        LD    R1 CIPHER_ARRAY_ADD
(318E) 1481  0001010010000001 ( 308)                 ADD   R2 R2 R1
(318F) 6080  0110000010000000 ( 309)                 LDR   R0 R2 #0
(3190) 0E07  0000111000000111 ( 310)                 BRNZP SKIP_LD
(3191) 23DC  0010001111011100 ( 314) ROW_1_LD        LD    R1 CIPHER_ARRAY_ADD
(3192) 14AF  0001010010101111 ( 315)                 ADD   R2 R2 #15
(3193) 14AF  0001010010101111 ( 316)                 ADD   R2 R2 #15
(3194) 14AF  0001010010101111 ( 317)                 ADD   R2 R2 #15
(3195) 14A5  0001010010100101 ( 318)                 ADD   R2 R2 #5
(3196) 1481  0001010010000001 ( 319)                 ADD   R2 R2 R1
(3197) 6080  0110000010000000 ( 320)                 LDR   R0 R2 #0
(3198) 23C9  0010001111001001 ( 325) SKIP_LD         LD    R1 ROW
(3199) 25C9  0010010111001001 ( 326)                 LD    R2 COLUMN
(319A) C1C0  1100000111000000 ( 328)                 RET   
(319B) 37CF  0011011111001111 ( 341) PRINT_ARRAY     ST    R3 PRINT_1
(319C) 35CF  0011010111001111 ( 342)                 ST    R2 PRINT_2
(319D) 31CF  0011000111001111 ( 343)                 ST    R0 PRINT_3
(319E) 3FD0  0011111111010000 ( 344)                 ST    R7 NEXT
(319F) 27BF  0010011110111111 ( 346)                 LD    R3 FLAG
(31A0) 16E0  0001011011100000 ( 347)                 ADD   R3 R3 #0
(31A1) 0401  0000010000000001 ( 348)                 BRZ   ENCRYPTING
(31A2) 0A16  0000101000010110 ( 349)                 BRNP  DECRYPTING
(31A3) E192  1110000110010010 ( 355) ENCRYPTING      LEA   R0 DECRYPT_LAB
(31A4) F022  1111000000100010 ( 356)                 TRAP  x22
(31A5) 5260  0101001001100000 ( 358)                 AND   R1 R1 #0
(31A6) 54A0  0101010010100000 ( 359)                 AND   R2 R2 #0
(31A7) 27C2  0010011111000010 ( 360)                 LD    R3 PRINT_COUNTER
(31A8) 4FDE  0100111111011110 ( 364) ROW0_LOOP       JSR   LOAD
(31A9) F021  1111000000100001 ( 365)                 TRAP  x21
(31AA) 14A1  0001010010100001 ( 366)                 ADD   R2 R2 #1
(31AB) 16FF  0001011011111111 ( 367)                 ADD   R3 R3 #-1
(31AC) 03FB  0000001111111011 ( 368)                 BRP   ROW0_LOOP
(31AD) E17A  1110000101111010 ( 370)                 LEA   R0 ENCRYPT_LAB
(31AE) F022  1111000000100010 ( 371)                 TRAP  x22
(31AF) 5260  0101001001100000 ( 373)                 AND   R1 R1 #0
(31B0) 1261  0001001001100001 ( 374)                 ADD   R1 R1 #1
(31B1) 54A0  0101010010100000 ( 375)                 AND   R2 R2 #0
(31B2) 27B7  0010011110110111 ( 376)                 LD    R3 PRINT_COUNTER
(31B3) 4FD3  0100111111010011 ( 380) ROW1_LOOP       JSR   LOAD
(31B4) F021  1111000000100001 ( 381)                 TRAP  x21
(31B5) 14A1  0001010010100001 ( 382)                 ADD   R2 R2 #1
(31B6) 16FF  0001011011111111 ( 383)                 ADD   R3 R3 #-1
(31B7) 03FB  0000001111111011 ( 384)                 BRP   ROW1_LOOP
(31B8) 0C16  0000110000010110 ( 385)                 BRNZ  END_PRINT
(31B9) E16E  1110000101101110 ( 392) DECRYPTING      LEA   R0 ENCRYPT_LAB
(31BA) F022  1111000000100010 ( 393)                 TRAP  x22
(31BB) 5260  0101001001100000 ( 395)                 AND   R1 R1 #0
(31BC) 54A0  0101010010100000 ( 396)                 AND   R2 R2 #0
(31BD) 27AC  0010011110101100 ( 397)                 LD    R3 PRINT_COUNTER
(31BE) 4FC8  0100111111001000 ( 401) ROW0_LOOP_DE    JSR   LOAD
(31BF) F021  1111000000100001 ( 402)                 TRAP  x21
(31C0) 14A1  0001010010100001 ( 403)                 ADD   R2 R2 #1
(31C1) 16FF  0001011011111111 ( 404)                 ADD   R3 R3 #-1
(31C2) 03FB  0000001111111011 ( 405)                 BRP   ROW0_LOOP_DE
(31C3) E172  1110000101110010 ( 407)                 LEA   R0 DECRYPT_LAB
(31C4) F022  1111000000100010 ( 408)                 TRAP  x22
(31C5) 5260  0101001001100000 ( 410)                 AND   R1 R1 #0
(31C6) 1261  0001001001100001 ( 411)                 ADD   R1 R1 #1
(31C7) 54A0  0101010010100000 ( 412)                 AND   R2 R2 #0
(31C8) 27A1  0010011110100001 ( 413)                 LD    R3 PRINT_COUNTER
(31C9) 4FBD  0100111110111101 ( 417) ROW1_LOOP_DE    JSR   LOAD
(31CA) F021  1111000000100001 ( 418)                 TRAP  x21
(31CB) 14A1  0001010010100001 ( 419)                 ADD   R2 R2 #1
(31CC) 16FF  0001011011111111 ( 420)                 ADD   R3 R3 #-1
(31CD) 03FB  0000001111111011 ( 421)                 BRP   ROW1_LOOP_DE
(31CE) 0C00  0000110000000000 ( 422)                 BRNZ  END_PRINT
(31CF) 279B  0010011110011011 ( 428) END_PRINT       LD    R3 PRINT_1
(31D0) 259B  0010010110011011 ( 429)                 LD    R2 PRINT_2
(31D1) 219B  0010000110011011 ( 430)                 LD    R0 PRINT_3
(31D2) 2F9C  0010111110011100 ( 431)                 LD    R7 NEXT
(31D3) C1C0  1100000111000000 ( 433)                 RET   
(31D4) 3190  0011000110010000 ( 448) ENCRYPT         ST    R0 PLAINTEXT_CHAR
(31D5) 398E  0011100110001110 ( 449)                 ST    R4 HELPER_VAR
(31D6) 3B92  0011101110010010 ( 450)                 ST    R5 HELPER_VAR_2
(31D7) 2983  0010100110000011 ( 457)                 LD    R4 SIXTY5
(31D8) 1A04  0001101000000100 ( 458)                 ADD   R5 R0 R4
(31D9) 082C  0000100000101100 ( 459)                 BRN   END_ENCRYPT
(31DA) 218A  0010000110001010 ( 461)                 LD    R0 PLAINTEXT_CHAR
(31DB) 2980  0010100110000000 ( 463)                 LD    R4 NINETY
(31DC) 1A04  0001101000000100 ( 464)                 ADD   R5 R0 R4
(31DD) 020D  0000001000001101 ( 465)                 BRP   CHECK_LOWERCASE
(31DE) 2186  0010000110000110 ( 467)                 LD    R0 PLAINTEXT_CHAR
(31DF) 2380  0010001110000000 ( 468)                 LD    R1 CIPHER_NUM
(31E0) 1001  0001000000000001 ( 470)                 ADD   R0 R0 R1
(31E1) 3185  0011000110000101 ( 471)                 ST    R0 ENCRYPTED_CHAR
(31E2) 2978  0010100101111000 ( 473)                 LD    R4 SIXTY5
(31E3) 2183  0010000110000011 ( 474)                 LD    R0 ENCRYPTED_CHAR
(31E4) 1A04  0001101000000100 ( 475)                 ADD   R5 R0 R4
(31E5) 081A  0000100000011010 ( 476)                 BRN   LOOP_OFFSET
(31E6) 2180  0010000110000000 ( 478)                 LD    R0 ENCRYPTED_CHAR
(31E7) 2974  0010100101110100 ( 480)                 LD    R4 NINETY
(31E8) 1A04  0001101000000100 ( 481)                 ADD   R5 R0 R4
(31E9) 0216  0000001000010110 ( 482)                 BRP   LOOP_OFFSET
(31EA) 0C1A  0000110000011010 ( 483)                 BRNZ  RELOAD_ENCRYPT
(31EB) 2179  0010000101111001 ( 487) CHECK_LOWERCASE LD    R0 PLAINTEXT_CHAR
(31EC) 2970  0010100101110000 ( 489)                 LD    R4 NINETY7
(31ED) 1A04  0001101000000100 ( 490)                 ADD   R5 R0 R4
(31EE) 0817  0000100000010111 ( 491)                 BRN   END_ENCRYPT
(31EF) 2175  0010000101110101 ( 493)                 LD    R0 PLAINTEXT_CHAR
(31F0) 296D  0010100101101101 ( 495)                 LD    R4 HUNDRED22
(31F1) 1A04  0001101000000100 ( 496)                 ADD   R5 R0 R4
(31F2) 0213  0000001000010011 ( 497)                 BRP   END_ENCRYPT
(31F3) 2171  0010000101110001 ( 499)                 LD    R0 PLAINTEXT_CHAR
(31F4) 236B  0010001101101011 ( 500)                 LD    R1 CIPHER_NUM
(31F5) 1001  0001000000000001 ( 502)                 ADD   R0 R0 R1
(31F6) 3170  0011000101110000 ( 503)                 ST    R0 ENCRYPTED_CHAR
(31F7) 2965  0010100101100101 ( 505)                 LD    R4 NINETY7
(31F8) 216E  0010000101101110 ( 506)                 LD    R0 ENCRYPTED_CHAR
(31F9) 1A04  0001101000000100 ( 507)                 ADD   R5 R0 R4
(31FA) 0805  0000100000000101 ( 508)                 BRN   LOOP_OFFSET
(31FB) 216B  0010000101101011 ( 510)                 LD    R0 ENCRYPTED_CHAR
(31FC) 2961  0010100101100001 ( 512)                 LD    R4 HUNDRED22
(31FD) 1A04  0001101000000100 ( 513)                 ADD   R5 R0 R4
(31FE) 0201  0000001000000001 ( 514)                 BRP   LOOP_OFFSET
(31FF) 0C05  0000110000000101 ( 515)                 BRNZ  RELOAD_ENCRYPT
(3200) 2164  0010000101100100 ( 521) LOOP_OFFSET     LD    R0 PLAINTEXT_CHAR
(3201) 1031  0001000000110001 ( 522)                 ADD   R0 R0 #-15
(3202) 1035  0001000000110101 ( 523)                 ADD   R0 R0 #-11
(3203) 1001  0001000000000001 ( 524)                 ADD   R0 R0 R1
(3204) 0E01  0000111000000001 ( 525)                 BRNZP END_ENCRYPT
(3205) 2161  0010000101100001 ( 531) RELOAD_ENCRYPT  LD    R0 ENCRYPTED_CHAR
(3206) 295D  0010100101011101 ( 537) END_ENCRYPT     LD    R4 HELPER_VAR
(3207) 2B61  0010101101100001 ( 538)                 LD    R5 HELPER_VAR_2
(3208) C1C0  1100000111000000 ( 540)                 RET   
(3209) 315B  0011000101011011 ( 555) DECRYPT         ST    R0 PLAINTEXT_CHAR
(320A) 3959  0011100101011001 ( 556)                 ST    R4 HELPER_VAR
(320B) 3B5D  0011101101011101 ( 557)                 ST    R5 HELPER_VAR_2
(320C) 2353  0010001101010011 ( 563)                 LD    R1 CIPHER_NUM
(320D) 927F  1001001001111111 ( 564)                 NOT   R1 R1
(320E) 1261  0001001001100001 ( 565)                 ADD   R1 R1 #1
(320F) 3360  0011001101100000 ( 566)                 ST    R1 NEG_CIPHER_NUM
(3210) 294A  0010100101001010 ( 570)                 LD    R4 SIXTY5
(3211) 1A04  0001101000000100 ( 571)                 ADD   R5 R0 R4
(3212) 082C  0000100000101100 ( 572)                 BRN   END_DECRYPT
(3213) 2151  0010000101010001 ( 574)                 LD    R0 PLAINTEXT_CHAR
(3214) 2947  0010100101000111 ( 576)                 LD    R4 NINETY
(3215) 1A04  0001101000000100 ( 577)                 ADD   R5 R0 R4
(3216) 020D  0000001000001101 ( 578)                 BRP   CHECK_LOWERCASE_DE
(3217) 214D  0010000101001101 ( 580)                 LD    R0 PLAINTEXT_CHAR
(3218) 2357  0010001101010111 ( 581)                 LD    R1 NEG_CIPHER_NUM
(3219) 1001  0001000000000001 ( 583)                 ADD   R0 R0 R1
(321A) 314D  0011000101001101 ( 584)                 ST    R0 DECRYPTED_CHAR
(321B) 293F  0010100100111111 ( 586)                 LD    R4 SIXTY5
(321C) 214B  0010000101001011 ( 587)                 LD    R0 DECRYPTED_CHAR
(321D) 1A04  0001101000000100 ( 588)                 ADD   R5 R0 R4
(321E) 081A  0000100000011010 ( 589)                 BRN   LOOP_OFFSET_DE
(321F) 2148  0010000101001000 ( 591)                 LD    R0 DECRYPTED_CHAR
(3220) 293B  0010100100111011 ( 593)                 LD    R4 NINETY
(3221) 1A04  0001101000000100 ( 594)                 ADD   R5 R0 R4
(3222) 0216  0000001000010110 ( 595)                 BRP   LOOP_OFFSET_DE
(3223) 0C1A  0000110000011010 ( 596)                 BRNZ  RELOAD_DECRYPT
(3224) 2140  0010000101000000 ( 600) CHECK_LOWERCASE_DE LD    R0 PLAINTEXT_CHAR
(3225) 2937  0010100100110111 ( 602)                 LD    R4 NINETY7
(3226) 1A04  0001101000000100 ( 603)                 ADD   R5 R0 R4
(3227) 0817  0000100000010111 ( 604)                 BRN   END_DECRYPT
(3228) 213C  0010000100111100 ( 606)                 LD    R0 PLAINTEXT_CHAR
(3229) 2934  0010100100110100 ( 608)                 LD    R4 HUNDRED22
(322A) 1A04  0001101000000100 ( 609)                 ADD   R5 R0 R4
(322B) 0213  0000001000010011 ( 610)                 BRP   END_DECRYPT
(322C) 2138  0010000100111000 ( 612)                 LD    R0 PLAINTEXT_CHAR
(322D) 2342  0010001101000010 ( 613)                 LD    R1 NEG_CIPHER_NUM
(322E) 1001  0001000000000001 ( 615)                 ADD   R0 R0 R1
(322F) 3138  0011000100111000 ( 616)                 ST    R0 DECRYPTED_CHAR
(3230) 292C  0010100100101100 ( 618)                 LD    R4 NINETY7
(3231) 2136  0010000100110110 ( 619)                 LD    R0 DECRYPTED_CHAR
(3232) 1A04  0001101000000100 ( 620)                 ADD   R5 R0 R4
(3233) 0805  0000100000000101 ( 621)                 BRN   LOOP_OFFSET_DE
(3234) 2133  0010000100110011 ( 623)                 LD    R0 DECRYPTED_CHAR
(3235) 2928  0010100100101000 ( 625)                 LD    R4 HUNDRED22
(3236) 1A04  0001101000000100 ( 626)                 ADD   R5 R0 R4
(3237) 0201  0000001000000001 ( 627)                 BRP   LOOP_OFFSET_DE
(3238) 0C05  0000110000000101 ( 628)                 BRNZ  RELOAD_DECRYPT
(3239) 212B  0010000100101011 ( 634) LOOP_OFFSET_DE  LD    R0 PLAINTEXT_CHAR
(323A) 102F  0001000000101111 ( 635)                 ADD   R0 R0 #15
(323B) 102B  0001000000101011 ( 636)                 ADD   R0 R0 #11
(323C) 1001  0001000000000001 ( 637)                 ADD   R0 R0 R1
(323D) 0E01  0000111000000001 ( 638)                 BRNZP END_DECRYPT
(323E) 2129  0010000100101001 ( 644) RELOAD_DECRYPT  LD    R0 DECRYPTED_CHAR
(323F) 2924  0010100100100100 ( 650) END_DECRYPT     LD    R4 HELPER_VAR
(3240) 2B28  0010101100101000 ( 651)                 LD    R5 HELPER_VAR_2
(3241) C1C0  1100000111000000 ( 653)                 RET   
(3242) 0000  0000000000000000 ( 665) CIPHER_ARRAY    .FILL x0000
(3243) 0000  0000000000000000 ( 665)                 .FILL x0000
(3244) 0000  0000000000000000 ( 665)                 .FILL x0000
(3245) 0000  0000000000000000 ( 665)                 .FILL x0000
(3246) 0000  0000000000000000 ( 665)                 .FILL x0000
(3247) 0000  0000000000000000 ( 665)                 .FILL x0000
(3248) 0000  0000000000000000 ( 665)                 .FILL x0000
(3249) 0000  0000000000000000 ( 665)                 .FILL x0000
(324A) 0000  0000000000000000 ( 665)                 .FILL x0000
(324B) 0000  0000000000000000 ( 665)                 .FILL x0000
(324C) 0000  0000000000000000 ( 665)                 .FILL x0000
(324D) 0000  0000000000000000 ( 665)                 .FILL x0000
(324E) 0000  0000000000000000 ( 665)                 .FILL x0000
(324F) 0000  0000000000000000 ( 665)                 .FILL x0000
(3250) 0000  0000000000000000 ( 665)                 .FILL x0000
(3251) 0000  0000000000000000 ( 665)                 .FILL x0000
(3252) 0000  0000000000000000 ( 665)                 .FILL x0000
(3253) 0000  0000000000000000 ( 665)                 .FILL x0000
(3254) 0000  0000000000000000 ( 665)                 .FILL x0000
(3255) 0000  0000000000000000 ( 665)                 .FILL x0000
(3256) 0000  0000000000000000 ( 665)                 .FILL x0000
(3257) 0000  0000000000000000 ( 665)                 .FILL x0000
(3258) 0000  0000000000000000 ( 665)                 .FILL x0000
(3259) 0000  0000000000000000 ( 665)                 .FILL x0000
(325A) 0000  0000000000000000 ( 665)                 .FILL x0000
(325B) 0000  0000000000000000 ( 665)                 .FILL x0000
(325C) 0000  0000000000000000 ( 665)                 .FILL x0000
(325D) 0000  0000000000000000 ( 665)                 .FILL x0000
(325E) 0000  0000000000000000 ( 665)                 .FILL x0000
(325F) 0000  0000000000000000 ( 665)                 .FILL x0000
(3260) 0000  0000000000000000 ( 665)                 .FILL x0000
(3261) 0000  0000000000000000 ( 665)                 .FILL x0000
(3262) 0000  0000000000000000 ( 665)                 .FILL x0000
(3263) 0000  0000000000000000 ( 665)                 .FILL x0000
(3264) 0000  0000000000000000 ( 665)                 .FILL x0000
(3265) 0000  0000000000000000 ( 665)                 .FILL x0000
(3266) 0000  0000000000000000 ( 665)                 .FILL x0000
(3267) 0000  0000000000000000 ( 665)                 .FILL x0000
(3268) 0000  0000000000000000 ( 665)                 .FILL x0000
(3269) 0000  0000000000000000 ( 665)                 .FILL x0000
(326A) 0000  0000000000000000 ( 665)                 .FILL x0000
(326B) 0000  0000000000000000 ( 665)                 .FILL x0000
(326C) 0000  0000000000000000 ( 665)                 .FILL x0000
(326D) 0000  0000000000000000 ( 665)                 .FILL x0000
(326E) 0000  0000000000000000 ( 665)                 .FILL x0000
(326F) 0000  0000000000000000 ( 665)                 .FILL x0000
(3270) 0000  0000000000000000 ( 665)                 .FILL x0000
(3271) 0000  0000000000000000 ( 665)                 .FILL x0000
(3272) 0000  0000000000000000 ( 665)                 .FILL x0000
(3273) 0000  0000000000000000 ( 665)                 .FILL x0000
(3274) 0000  0000000000000000 ( 665)                 .FILL x0000
(3275) 0000  0000000000000000 ( 665)                 .FILL x0000
(3276) 0000  0000000000000000 ( 665)                 .FILL x0000
(3277) 0000  0000000000000000 ( 665)                 .FILL x0000
(3278) 0000  0000000000000000 ( 665)                 .FILL x0000
(3279) 0000  0000000000000000 ( 665)                 .FILL x0000
(327A) 0000  0000000000000000 ( 665)                 .FILL x0000
(327B) 0000  0000000000000000 ( 665)                 .FILL x0000
(327C) 0000  0000000000000000 ( 665)                 .FILL x0000
(327D) 0000  0000000000000000 ( 665)                 .FILL x0000
(327E) 0000  0000000000000000 ( 665)                 .FILL x0000
(327F) 0000  0000000000000000 ( 665)                 .FILL x0000
(3280) 0000  0000000000000000 ( 665)                 .FILL x0000
(3281) 0000  0000000000000000 ( 665)                 .FILL x0000
(3282) 0000  0000000000000000 ( 665)                 .FILL x0000
(3283) 0000  0000000000000000 ( 665)                 .FILL x0000
(3284) 0000  0000000000000000 ( 665)                 .FILL x0000
(3285) 0000  0000000000000000 ( 665)                 .FILL x0000
(3286) 0000  0000000000000000 ( 665)                 .FILL x0000
(3287) 0000  0000000000000000 ( 665)                 .FILL x0000
(3288) 0000  0000000000000000 ( 665)                 .FILL x0000
(3289) 0000  0000000000000000 ( 665)                 .FILL x0000
(328A) 0000  0000000000000000 ( 665)                 .FILL x0000
(328B) 0000  0000000000000000 ( 665)                 .FILL x0000
(328C) 0000  0000000000000000 ( 665)                 .FILL x0000
(328D) 0000  0000000000000000 ( 665)                 .FILL x0000
(328E) 0000  0000000000000000 ( 665)                 .FILL x0000
(328F) 0000  0000000000000000 ( 665)                 .FILL x0000
(3290) 0000  0000000000000000 ( 665)                 .FILL x0000
(3291) 0000  0000000000000000 ( 665)                 .FILL x0000
(3292) 0000  0000000000000000 ( 665)                 .FILL x0000
(3293) 0000  0000000000000000 ( 665)                 .FILL x0000
(3294) 0000  0000000000000000 ( 665)                 .FILL x0000
(3295) 0000  0000000000000000 ( 665)                 .FILL x0000
(3296) 0000  0000000000000000 ( 665)                 .FILL x0000
(3297) 0000  0000000000000000 ( 665)                 .FILL x0000
(3298) 0000  0000000000000000 ( 665)                 .FILL x0000
(3299) 0000  0000000000000000 ( 665)                 .FILL x0000
(329A) 0000  0000000000000000 ( 665)                 .FILL x0000
(329B) 0000  0000000000000000 ( 665)                 .FILL x0000
(329C) 0000  0000000000000000 ( 665)                 .FILL x0000
(329D) 0000  0000000000000000 ( 665)                 .FILL x0000
(329E) 0000  0000000000000000 ( 665)                 .FILL x0000
(329F) 0000  0000000000000000 ( 665)                 .FILL x0000
(32A0) 0000  0000000000000000 ( 665)                 .FILL x0000
(32A1) 0000  0000000000000000 ( 665)                 .FILL x0000
(32A2) 0000  0000000000000000 ( 665)                 .FILL x0000
(32A3) 0000  0000000000000000 ( 665)                 .FILL x0000
(32A4) 0000  0000000000000000 ( 665)                 .FILL x0000
(32A5) 0000  0000000000000000 ( 665)                 .FILL x0000
