(0000) 3000  0011000000000000 (   1)                 .ORIG x3000
(3000) 5020  0101000000100000 (   8) INTRO           AND   R0 R0 #0
(3001) 5260  0101001001100000 (   9)                 AND   R1 R1 #0
(3002) 54A0  0101010010100000 (  10)                 AND   R2 R2 #0
(3003) 56E0  0101011011100000 (  11)                 AND   R3 R3 #0
(3004) 5920  0101100100100000 (  12)                 AND   R4 R4 #0
(3005) 5B60  0101101101100000 (  13)                 AND   R5 R5 #0
(3006) 5DA0  0101110110100000 (  14)                 AND   R6 R6 #0
(3007) 5FE0  0101111111100000 (  15)                 AND   R7 R7 #0
(3008) E05A  1110000001011010 (  18)                 LEA   R0 WELCOME
(3009) F022  1111000000100010 (  19)                 TRAP  x22
(300A) E07D  1110000001111101 (  20)                 LEA   R0 DECIMAL
(300B) F022  1111000000100010 (  21)                 TRAP  x22
(300C) F020  1111000000100000 (  24) USERIN          TRAP  x20
(300D) F021  1111000000100001 (  25)                 TRAP  x21
(300E) 263C  0010011000111100 (  26)                 LD    R3 FORTY5
(300F) 1203  0001001000000011 (  27)                 ADD   R1 R0 R3
(3010) 0401  0000010000000001 (  28)                 BRZ   NEG_FLAG
(3011) 0A03  0000101000000011 (  29)                 BRNP  CHECKX
(3012) 1461  0001010001100001 (  33) NEG_FLAG        ADD   R2 R1 #1
(3013) 344A  0011010001001010 (  34)                 ST    R2 FLAGHOLDER
(3014) 0FF7  0000111111110111 (  35)                 BRNZP USERIN
(3015) 2636  0010011000110110 (  39) CHECKX          LD    R3 EIGHTY8
(3016) 1203  0001001000000011 (  40)                 ADD   R1 R0 R3
(3017) 0401  0000010000000001 (  41)                 BRZ   EXIT
(3018) 0A03  0000101000000011 (  42)                 BRNP  LINEFEED
(3019) E0B3  1110000010110011 (  44) EXIT            LEA   R0 GOODBYE
(301A) F022  1111000000100010 (  45)                 TRAP  x22
(301B) F025  1111000000100101 (  46)                 TRAP  x25
(301C) 1236  0001001000110110 (  49) LINEFEED        ADD   R1 R0 #-10
(301D) 040D  0000010000001101 (  50)                 BRZ   CHECKFLAG
(301E) 0A00  0000101000000000 (  51)                 BRNP  PROCESSDIGIT
(301F) 262D  0010011000101101 (  54) PROCESSDIGIT    LD    R3 FORTY8
(3020) 5B60  0101101101100000 (  57)                 AND   R5 R5 #0
(3021) 5DA0  0101110110100000 (  59)                 AND   R6 R6 #0
(3022) 1DA9  0001110110101001 (  60)                 ADD   R6 R6 #9
(3023) 1203  0001001000000011 (  62)                 ADD   R1 R0 R3
(3024) 18A0  0001100010100000 (  63)                 ADD   R4 R2 #0
(3025) 1AA0  0001101010100000 (  64)                 ADD   R5 R2 #0
(3026) 1B44  0001101101000100 (  69) MULTIPLY_TEN    ADD   R5 R5 R4
(3027) 1DBF  0001110110111111 (  70)                 ADD   R6 R6 #-1
(3028) 03FD  0000001111111101 (  71)                 BRP   MULTIPLY_TEN
(3029) 1541  0001010101000001 (  73)                 ADD   R2 R5 R1
(302A) 0FE1  0000111111100001 (  74)                 BRNZP USERIN
(302B) 2232  0010001000110010 (  77) CHECKFLAG       LD    R1 FLAGHOLDER
(302C) 127F  0001001001111111 (  78)                 ADD   R1 R1 #-1
(302D) 0401  0000010000000001 (  79)                 BRZ   TWOCOMP
(302E) 0A03  0000101000000011 (  80)                 BRNP  MAINMASK
(302F) 94BF  1001010010111111 (  85) TWOCOMP         NOT   R2 R2
(3030) 14A1  0001010010100001 (  86)                 ADD   R2 R2 #1
(3031) 0E00  0000111000000000 (  88)                 BRNZP MAINMASK
(3032) 1AA0  0001101010100000 (  92) MAINMASK        ADD   R5 R2 #0
(3033) 54A0  0101010010100000 (  93)                 AND   R2 R2 #0
(3034) 14AF  0001010010101111 (  94)                 ADD   R2 R2 #15
(3035) 56E0  0101011011100000 (  95)                 AND   R3 R3 #0
(3036) E077  1110000001110111 (  97)                 LEA   R0 THANKS
(3037) F022  1111000000100010 (  98)                 TRAP  x22
(3038) E215  1110001000010101 ( 102) MASK_LOOP       LEA   R1 MASK_ARRAY
(3039) 1243  0001001001000011 ( 103)                 ADD   R1 R1 R3
(303A) 6240  0110001001000000 ( 104)                 LDR   R1 R1 #0
(303B) 5845  0101100001000101 ( 105)                 AND   R4 R1 R5
(303C) 0401  0000010000000001 ( 107)                 BRZ   PRINT_ZERO
(303D) 0E06  0000111000000110 ( 108)                 BRNZP PRINT_ONE
(303E) E020  1110000000100000 ( 111) PRINT_ZERO      LEA   R0 ZERO
(303F) F022  1111000000100010 ( 112)                 TRAP  x22
(3040) 16E1  0001011011100001 ( 113)                 ADD   R3 R3 #1
(3041) 14BF  0001010010111111 ( 114)                 ADD   R2 R2 #-1
(3042) 09BD  0000100110111101 ( 115)                 BRN   INTRO
(3043) 0BF4  0000101111110100 ( 116)                 BRNP  MASK_LOOP
(3044) E01C  1110000000011100 ( 119) PRINT_ONE       LEA   R0 ONE
(3045) F022  1111000000100010 ( 120)                 TRAP  x22
(3046) 16E1  0001011011100001 ( 121)                 ADD   R3 R3 #1
(3047) 14BF  0001010010111111 ( 122)                 ADD   R2 R2 #-1
(3048) 09B7  0000100110110111 ( 123)                 BRN   INTRO
(3049) 0BEE  0000101111101110 ( 124)                 BRNP  MASK_LOOP
(304A) F025  1111000000100101 ( 126)                 TRAP  x25
(304B) FFD3  1111111111010011 ( 129) FORTY5          .FILL xFFD3
(304C) FFA8  1111111110101000 ( 130) EIGHTY8         .FILL xFFA8
(304D) FFD0  1111111111010000 ( 131) FORTY8          .FILL xFFD0
(304E) 8000  1000000000000000 ( 135) MASK_ARRAY      .FILL x8000
(304F) 4000  0100000000000000 ( 136)                 .FILL x4000
(3050) 2000  0010000000000000 ( 137)                 .FILL x2000
(3051) 1000  0001000000000000 ( 138)                 .FILL x1000
(3052) 0800  0000100000000000 ( 139)                 .FILL x0800
(3053) 0400  0000010000000000 ( 140)                 .FILL x0400
(3054) 0200  0000001000000000 ( 141)                 .FILL x0200
(3055) 0100  0000000100000000 ( 142)                 .FILL x0100
(3056) 0080  0000000010000000 ( 143)                 .FILL x0080
(3057) 0040  0000000001000000 ( 144)                 .FILL x0040
(3058) 0020  0000000000100000 ( 145)                 .FILL x0020
(3059) 0010  0000000000010000 ( 146)                 .FILL x0010
(305A) 0008  0000000000001000 ( 147)                 .FILL x0008
(305B) 0004  0000000000000100 ( 148)                 .FILL x0004
(305C) 0002  0000000000000010 ( 149)                 .FILL x0002
(305D) 0001  0000000000000001 ( 150)                 .FILL x0001
(305E) 0000  0000000000000000 ( 153) FLAGHOLDER      .FILL x0000
(305F) 0030  0000000000110000 ( 153) ZERO            .FILL x0030
(3060) 0000  0000000000000000 ( 153)                 .FILL x0000
(3061) 0031  0000000000110001 ( 154) ONE             .FILL x0031
(3062) 0000  0000000000000000 ( 154)                 .FILL x0000
(3063) 000A  0000000000001010 ( 155) WELCOME         .FILL x000A
(3064) 0057  0000000001010111 ( 155)                 .FILL x0057
(3065) 0065  0000000001100101 ( 155)                 .FILL x0065
(3066) 006C  0000000001101100 ( 155)                 .FILL x006C
(3067) 0063  0000000001100011 ( 155)                 .FILL x0063
(3068) 006F  0000000001101111 ( 155)                 .FILL x006F
(3069) 006D  0000000001101101 ( 155)                 .FILL x006D
(306A) 0065  0000000001100101 ( 155)                 .FILL x0065
(306B) 0020  0000000000100000 ( 155)                 .FILL x0020
(306C) 0074  0000000001110100 ( 155)                 .FILL x0074
(306D) 006F  0000000001101111 ( 155)                 .FILL x006F
(306E) 0020  0000000000100000 ( 155)                 .FILL x0020
(306F) 0074  0000000001110100 ( 155)                 .FILL x0074
(3070) 0068  0000000001101000 ( 155)                 .FILL x0068
(3071) 0065  0000000001100101 ( 155)                 .FILL x0065
(3072) 0020  0000000000100000 ( 155)                 .FILL x0020
(3073) 0063  0000000001100011 ( 155)                 .FILL x0063
(3074) 006F  0000000001101111 ( 155)                 .FILL x006F
(3075) 006E  0000000001101110 ( 155)                 .FILL x006E
(3076) 0076  0000000001110110 ( 155)                 .FILL x0076
(3077) 0065  0000000001100101 ( 155)                 .FILL x0065
(3078) 0072  0000000001110010 ( 155)                 .FILL x0072
(3079) 0073  0000000001110011 ( 155)                 .FILL x0073
(307A) 0069  0000000001101001 ( 155)                 .FILL x0069
(307B) 006F  0000000001101111 ( 155)                 .FILL x006F
(307C) 006E  0000000001101110 ( 155)                 .FILL x006E
(307D) 0020  0000000000100000 ( 155)                 .FILL x0020
(307E) 0070  0000000001110000 ( 155)                 .FILL x0070
(307F) 0072  0000000001110010 ( 155)                 .FILL x0072
(3080) 006F  0000000001101111 ( 155)                 .FILL x006F
(3081) 0067  0000000001100111 ( 155)                 .FILL x0067
(3082) 0072  0000000001110010 ( 155)                 .FILL x0072
(3083) 0061  0000000001100001 ( 155)                 .FILL x0061
(3084) 006D  0000000001101101 ( 155)                 .FILL x006D
(3085) 0021  0000000000100001 ( 155)                 .FILL x0021
(3086) 000A  0000000000001010 ( 155)                 .FILL x000A
(3087) 0000  0000000000000000 ( 155)                 .FILL x0000
(3088) 0045  0000000001000101 ( 156) DECIMAL         .FILL x0045
(3089) 006E  0000000001101110 ( 156)                 .FILL x006E
(308A) 0074  0000000001110100 ( 156)                 .FILL x0074
(308B) 0065  0000000001100101 ( 156)                 .FILL x0065
(308C) 0072  0000000001110010 ( 156)                 .FILL x0072
(308D) 0020  0000000000100000 ( 156)                 .FILL x0020
(308E) 0061  0000000001100001 ( 156)                 .FILL x0061
(308F) 0020  0000000000100000 ( 156)                 .FILL x0020
(3090) 0064  0000000001100100 ( 156)                 .FILL x0064
(3091) 0065  0000000001100101 ( 156)                 .FILL x0065
(3092) 0063  0000000001100011 ( 156)                 .FILL x0063
(3093) 0069  0000000001101001 ( 156)                 .FILL x0069
(3094) 006D  0000000001101101 ( 156)                 .FILL x006D
(3095) 0061  0000000001100001 ( 156)                 .FILL x0061
(3096) 006C  0000000001101100 ( 156)                 .FILL x006C
(3097) 0020  0000000000100000 ( 156)                 .FILL x0020
(3098) 006E  0000000001101110 ( 156)                 .FILL x006E
(3099) 0075  0000000001110101 ( 156)                 .FILL x0075
(309A) 006D  0000000001101101 ( 156)                 .FILL x006D
(309B) 0062  0000000001100010 ( 156)                 .FILL x0062
(309C) 0065  0000000001100101 ( 156)                 .FILL x0065
(309D) 0072  0000000001110010 ( 156)                 .FILL x0072
(309E) 0020  0000000000100000 ( 156)                 .FILL x0020
(309F) 006F  0000000001101111 ( 156)                 .FILL x006F
(30A0) 0072  0000000001110010 ( 156)                 .FILL x0072
(30A1) 0020  0000000000100000 ( 156)                 .FILL x0020
(30A2) 0058  0000000001011000 ( 156)                 .FILL x0058
(30A3) 0020  0000000000100000 ( 156)                 .FILL x0020
(30A4) 0074  0000000001110100 ( 156)                 .FILL x0074
(30A5) 006F  0000000001101111 ( 156)                 .FILL x006F
(30A6) 0020  0000000000100000 ( 156)                 .FILL x0020
(30A7) 0071  0000000001110001 ( 156)                 .FILL x0071
(30A8) 0075  0000000001110101 ( 156)                 .FILL x0075
(30A9) 0069  0000000001101001 ( 156)                 .FILL x0069
(30AA) 0074  0000000001110100 ( 156)                 .FILL x0074
(30AB) 003A  0000000000111010 ( 156)                 .FILL x003A
(30AC) 000A  0000000000001010 ( 156)                 .FILL x000A
(30AD) 0000  0000000000000000 ( 156)                 .FILL x0000
(30AE) 000A  0000000000001010 ( 157) THANKS          .FILL x000A
(30AF) 0054  0000000001010100 ( 157)                 .FILL x0054
(30B0) 0068  0000000001101000 ( 157)                 .FILL x0068
(30B1) 0061  0000000001100001 ( 157)                 .FILL x0061
(30B2) 006E  0000000001101110 ( 157)                 .FILL x006E
(30B3) 006B  0000000001101011 ( 157)                 .FILL x006B
(30B4) 0073  0000000001110011 ( 157)                 .FILL x0073
(30B5) 002C  0000000000101100 ( 157)                 .FILL x002C
(30B6) 0020  0000000000100000 ( 157)                 .FILL x0020
(30B7) 0068  0000000001101000 ( 157)                 .FILL x0068
(30B8) 0065  0000000001100101 ( 157)                 .FILL x0065
(30B9) 0072  0000000001110010 ( 157)                 .FILL x0072
(30BA) 0065  0000000001100101 ( 157)                 .FILL x0065
(30BB) 0020  0000000000100000 ( 157)                 .FILL x0020
(30BC) 0069  0000000001101001 ( 157)                 .FILL x0069
(30BD) 0074  0000000001110100 ( 157)                 .FILL x0074
(30BE) 0020  0000000000100000 ( 157)                 .FILL x0020
(30BF) 0069  0000000001101001 ( 157)                 .FILL x0069
(30C0) 0073  0000000001110011 ( 157)                 .FILL x0073
(30C1) 0020  0000000000100000 ( 157)                 .FILL x0020
(30C2) 0069  0000000001101001 ( 157)                 .FILL x0069
(30C3) 006E  0000000001101110 ( 157)                 .FILL x006E
(30C4) 0020  0000000000100000 ( 157)                 .FILL x0020
(30C5) 0062  0000000001100010 ( 157)                 .FILL x0062
(30C6) 0069  0000000001101001 ( 157)                 .FILL x0069
(30C7) 006E  0000000001101110 ( 157)                 .FILL x006E
(30C8) 0061  0000000001100001 ( 157)                 .FILL x0061
(30C9) 0072  0000000001110010 ( 157)                 .FILL x0072
(30CA) 0079  0000000001111001 ( 157)                 .FILL x0079
(30CB) 000A  0000000000001010 ( 157)                 .FILL x000A
(30CC) 0000  0000000000000000 ( 157)                 .FILL x0000
(30CD) 000A  0000000000001010 ( 158) GOODBYE         .FILL x000A
(30CE) 0042  0000000001000010 ( 158)                 .FILL x0042
(30CF) 0079  0000000001111001 ( 158)                 .FILL x0079
(30D0) 0065  0000000001100101 ( 158)                 .FILL x0065
(30D1) 002E  0000000000101110 ( 158)                 .FILL x002E
(30D2) 0020  0000000000100000 ( 158)                 .FILL x0020
(30D3) 0048  0000000001001000 ( 158)                 .FILL x0048
(30D4) 0061  0000000001100001 ( 158)                 .FILL x0061
(30D5) 0076  0000000001110110 ( 158)                 .FILL x0076
(30D6) 0065  0000000001100101 ( 158)                 .FILL x0065
(30D7) 0020  0000000000100000 ( 158)                 .FILL x0020
(30D8) 0061  0000000001100001 ( 158)                 .FILL x0061
(30D9) 0020  0000000000100000 ( 158)                 .FILL x0020
(30DA) 0067  0000000001100111 ( 158)                 .FILL x0067
(30DB) 0072  0000000001110010 ( 158)                 .FILL x0072
(30DC) 0065  0000000001100101 ( 158)                 .FILL x0065
(30DD) 0061  0000000001100001 ( 158)                 .FILL x0061
(30DE) 0074  0000000001110100 ( 158)                 .FILL x0074
(30DF) 0020  0000000000100000 ( 158)                 .FILL x0020
(30E0) 0064  0000000001100100 ( 158)                 .FILL x0064
(30E1) 0061  0000000001100001 ( 158)                 .FILL x0061
(30E2) 0079  0000000001111001 ( 158)                 .FILL x0079
(30E3) 002E  0000000000101110 ( 158)                 .FILL x002E
(30E4) 000A  0000000000001010 ( 158)                 .FILL x000A
(30E5) 0000  0000000000000000 ( 158)                 .FILL x0000
